[23/10/2023, 06:41:15] info: ********* El proceso crear Reporte Farmacon comenzo. *******
[23/10/2023, 06:41:15] info: Las carpetas estan creadas correctamente.
[23/10/2023, 06:41:15] info: ********* El proceso crear Reporte Femco comenzo. *******
[23/10/2023, 06:41:15] info: Las carpetas estan creadas correctamente.
[23/10/2023, 06:41:27] info: El correo se envio correctamente
[23/10/2023, 06:41:27] info: Se removieron correctamente todos los archivos generados.
[23/10/2023, 06:41:27] info: ********* El proceso crear Reporte Farmacon termino. *******
[23/10/2023, 06:42:21] info: El correo se envio correctamente
[23/10/2023, 06:42:21] info: Se removieron correctamente todos los archivos generados.
[23/10/2023, 06:42:21] info: ********* El proceso crear Reporte Femco termino. *******
[24/10/2023, 08:14:59] info: ********* El proceso crear Reporte Farmacon comenzo. *******
[24/10/2023, 08:14:59] info: Las carpetas estan creadas correctamente.
[24/10/2023, 08:15:10] info: El correo se envio correctamente
[24/10/2023, 08:15:10] info: Se removieron correctamente todos los archivos generados.
[24/10/2023, 08:15:10] info: ********* El proceso crear Reporte Farmacon termino. *******
[25/10/2023, 05:30:00] info: ********* El proceso crear Reporte Farmacon comenzo. *******
[25/10/2023, 05:30:00] info: Las carpetas estan creadas correctamente.
[25/10/2023, 05:30:09] info: El correo se envio correctamente
[25/10/2023, 05:30:09] info: Se removieron correctamente todos los archivos generados.
[25/10/2023, 05:30:09] info: ********* El proceso crear Reporte Farmacon termino. *******
[26/10/2023, 09:08:42] info: ********* El proceso crear Reporte Farmacon comenzo. *******
[26/10/2023, 09:08:42] info: Las carpetas estan creadas correctamente.
[26/10/2023, 09:09:30] info: El correo se envio correctamente
[26/10/2023, 09:09:30] info: Se removieron correctamente todos los archivos generados.
[26/10/2023, 09:09:30] info: ********* El proceso crear Reporte Farmacon termino. *******
[27/10/2023, 00:40:17] info: ********* El proceso crear Reporte Farmacon comenzo. *******
[27/10/2023, 00:40:17] info: Las carpetas estan creadas correctamente.
[27/10/2023, 00:40:17] info: ********* El proceso crear Reporte Femco comenzo. *******
[27/10/2023, 00:40:17] info: Las carpetas estan creadas correctamente.
[27/10/2023, 00:40:29] info: ********* El proceso crear Reporte Farmacon termino. *******
[27/10/2023, 00:41:54] info: ********* El proceso crear Reporte Femco termino. *******
[27/10/2023, 00:42:58] info: ********* El proceso crear Reporte Farmacon comenzo. *******
[27/10/2023, 00:42:58] info: Las carpetas estan creadas correctamente.
[27/10/2023, 00:42:58] info: ********* El proceso crear Reporte Femco comenzo. *******
[27/10/2023, 00:42:58] info: Las carpetas estan creadas correctamente.
[27/10/2023, 00:43:09] info: ********* El proceso crear Reporte Farmacon termino. *******
[27/10/2023, 00:43:48] info: ********* El proceso crear Reporte Femco termino. *******
[27/10/2023, 00:46:40] info: ********* El proceso crear Reporte Farmacon comenzo. *******
[27/10/2023, 00:46:40] info: Las carpetas estan creadas correctamente.
[27/10/2023, 00:46:40] info: ********* El proceso crear Reporte Femco comenzo. *******
[27/10/2023, 00:46:40] info: Las carpetas estan creadas correctamente.
[27/10/2023, 00:46:52] info: ********* El proceso crear Reporte Farmacon termino. *******
[27/10/2023, 00:47:26] info: ********* El proceso crear Reporte Femco termino. *******
[27/10/2023, 00:52:44] info: ********* El proceso crear Reporte Farmacon comenzo. *******
[27/10/2023, 00:52:44] info: Las carpetas estan creadas correctamente.
[27/10/2023, 00:52:44] info: ********* El proceso crear Reporte Femco comenzo. *******
[27/10/2023, 00:52:44] info: Las carpetas estan creadas correctamente.
[27/10/2023, 00:52:58] info: ********* El proceso crear Reporte Farmacon termino. *******
[27/10/2023, 00:53:37] info: ********* El proceso crear Reporte Femco termino. *******
